#
# There is insufficient memory for the Java Runtime Environment to continue.
# Native memory allocation (mmap) failed to map 1073741824 bytes for Failed to commit area from 0x0000000401000000 to 0x0000000441000000 of length 1073741824.
# Possible reasons:
#   The system is out of physical RAM or swap space
#   The process is running with CompressedOops enabled, and the Java Heap may be blocking the growth of the native heap
# Possible solutions:
#   Reduce memory load on the system
#   Increase physical memory or swap space
#   Check if swap backing store is full
#   Decrease Java heap size (-Xmx/-Xms)
#   Decrease number of Java threads
#   Decrease Java thread stack sizes (-Xss)
#   Set larger code cache with -XX:ReservedCodeCacheSize=
#   JVM is running with Zero Based Compressed Oops mode in which the Java heap is
#     placed in the first 32GB address space. The Java Heap base address is the
#     maximum limit for the native heap growth. Please use -XX:HeapBaseMinAddress
#     to set the Java Heap base and to place the Java Heap above 32GB virtual address.
# This output file may be truncated or incomplete.
#
#  Out of Memory Error (./open/src/hotspot/os/windows/os_windows.cpp:3315), pid=20340, tid=15912
#
# JRE version:  (14.0.1+7) (build )
# Java VM: OpenJDK 64-Bit Server VM (14.0.1+7, mixed mode, sharing, tiered, compressed oops, g1 gc, windows-amd64)
# No core dump will be written. Minidumps are not enabled by default on client versions of Windows
#

---------------  S U M M A R Y ------------

Command Line: -ea -Didea.test.cyclic.buffer.size=1048576 -javaagent:C:\Program Files\JetBrains\IntelliJ IDEA 2020.1.1\lib\idea_rt.jar=62563:C:\Program Files\JetBrains\IntelliJ IDEA 2020.1.1\bin -Dfile.encoding=UTF-8 com.intellij.rt.junit.JUnitStarter -ideVersion5 -junit5 controllersTest.EmployeeControlerTest

Host: Intel(R) Core(TM) i7-9700 CPU @ 3.00GHz, 8 cores, 63G,  Windows 10 , 64 bit Build 19041 (10.0.19041.546)
Time: Fri Dec 11 09:03:00 2020 W. Europe Standard Time elapsed time: 0 seconds (0d 0h 0m 0s)

---------------  T H R E A D  ---------------

Current thread (0x0000025fbe80a800):  JavaThread "Unknown thread" [_thread_in_vm, id=15912, stack(0x0000007310a00000,0x0000007310b00000)]

Stack: [0x0000007310a00000,0x0000007310b00000]
Native frames: (J=compiled Java code, j=interpreted, Vv=VM code, C=native code)
V  [jvm.dll+0x5f840a]
V  [jvm.dll+0x741e4a]
V  [jvm.dll+0x7435ff]
V  [jvm.dll+0x743c43]
V  [jvm.dll+0x20d288]
V  [jvm.dll+0x5f57ba]
V  [jvm.dll+0x5ea615]
V  [jvm.dll+0x2c7e9c]
V  [jvm.dll+0x2c7cd2]
V  [jvm.dll+0x2cdbbc]
V  [jvm.dll+0x313ff8]
V  [jvm.dll+0x313720]
V  [jvm.dll+0x2a092a]
V  [jvm.dll+0x2a1a79]
V  [jvm.dll+0x71f718]
V  [jvm.dll+0x321c44]
V  [jvm.dll+0x700b0c]
V  [jvm.dll+0x392dff]
V  [jvm.dll+0x394e71]
C  [jli.dll+0x523b]
C  [ucrtbase.dll+0x214c2]
C  [KERNEL32.DLL+0x17034]
C  [ntdll.dll+0x4cec1]


---------------  P R O C E S S  ---------------

Threads class SMR info:
_java_thread_list=0x00007ffbbc9e3078, length=0, elements={
}

Java Threads: ( => current thread )

Other Threads:
  0x0000025fbe8d7000 GCTaskThread "GC Thread#0" [stack: 0x0000007310b00000,0x0000007310c00000] [id=1332]
  0x0000025ffc380800 ConcurrentGCThread "G1 Main Marker" [stack: 0x0000007310c00000,0x0000007310d00000] [id=20316]
  0x0000025fbe8d9800 ConcurrentGCThread "G1 Conc#0" [stack: 0x0000007310d00000,0x0000007310e00000] [id=20312]

[error occurred during error reporting (printing all threads), id 0xc0000005, EXCEPTION_ACCESS_VIOLATION (0xc0000005) at pc=0x00007ffbbc211257]

VM state:not at safepoint (not fully initialized)

VM Mutex/Monitor currently owned by a thread:  ([mutex/lock_event])
[0x0000025fbe804380] Heap_lock - owner thread: 0x0000025fbe80a800

Heap address: 0x0000000401000000, size: 16368 MB, Compressed Oops mode: Zero based, Oop shift amount: 3
Narrow klass base: 0x0000000000000000, Narrow klass shift: 0

GC Heap History (0 events):
No events

Deoptimization events (0 events):
No events

Classes unloaded (0 events):
No events

Classes redefined (0 events):
No events

Internal exceptions (0 events):
No events

Events (2 events):
Event: 0.004 Loaded shared library C:\Users\Admin\.jdks\openjdk-14.0.1\bin\java.dll
Event: 0.005 Loaded shared library C:\Users\Admin\.jdks\openjdk-14.0.1\bin\zip.dll


Dynamic libraries:
0x00007ff7f6960000 - 0x00007ff7f696d000 	C:\Users\Admin\.jdks\openjdk-14.0.1\bin\java.exe
0x00007ffc988f0000 - 0x00007ffc98ae6000 	C:\WINDOWS\SYSTEM32\ntdll.dll
0x00007ffc983e0000 - 0x00007ffc9849d000 	C:\WINDOWS\System32\KERNEL32.DLL
0x00007ffc965e0000 - 0x00007ffc968a8000 	C:\WINDOWS\System32\KERNELBASE.dll
0x00007ffc964e0000 - 0x00007ffc965e0000 	C:\WINDOWS\System32\ucrtbase.dll
0x00007ffc79d40000 - 0x00007ffc79d55000 	C:\Users\Admin\.jdks\openjdk-14.0.1\bin\VCRUNTIME140.dll
0x00007ffc79d60000 - 0x00007ffc79d78000 	C:\Users\Admin\.jdks\openjdk-14.0.1\bin\jli.dll
0x00007ffc96b10000 - 0x00007ffc96cb0000 	C:\WINDOWS\System32\USER32.dll
0x00007ffc96460000 - 0x00007ffc96482000 	C:\WINDOWS\System32\win32u.dll
0x00007ffc7fcb0000 - 0x00007ffc7ff4b000 	C:\WINDOWS\WinSxS\amd64_microsoft.windows.common-controls_6595b64144ccf1df_6.0.19041.488_none_ca04af081b815d21\COMCTL32.dll
0x00007ffc96ec0000 - 0x00007ffc96eea000 	C:\WINDOWS\System32\GDI32.dll
0x00007ffc97670000 - 0x00007ffc9770e000 	C:\WINDOWS\System32\msvcrt.dll
0x00007ffc96110000 - 0x00007ffc96219000 	C:\WINDOWS\System32\gdi32full.dll
0x00007ffc968b0000 - 0x00007ffc9694d000 	C:\WINDOWS\System32\msvcp_win.dll
0x00007ffc97970000 - 0x00007ffc979a0000 	C:\WINDOWS\System32\IMM32.DLL
0x00007ffc64920000 - 0x00007ffc649bb000 	C:\Users\Admin\.jdks\openjdk-14.0.1\bin\msvcp140.dll
0x00007ffbbbf60000 - 0x00007ffbbca7e000 	C:\Users\Admin\.jdks\openjdk-14.0.1\bin\server\jvm.dll
0x00007ffc98280000 - 0x00007ffc9832c000 	C:\WINDOWS\System32\ADVAPI32.dll
0x00007ffc96950000 - 0x00007ffc969eb000 	C:\WINDOWS\System32\sechost.dll
0x00007ffc979a0000 - 0x00007ffc97ac4000 	C:\WINDOWS\System32\RPCRT4.dll
0x00007ffc988a0000 - 0x00007ffc988a8000 	C:\WINDOWS\System32\PSAPI.DLL
0x00007ffc91030000 - 0x00007ffc91057000 	C:\WINDOWS\SYSTEM32\WINMM.dll
0x00007ffc57aa0000 - 0x00007ffc57aa9000 	C:\WINDOWS\SYSTEM32\WSOCK32.dll
0x00007ffc97190000 - 0x00007ffc971fb000 	C:\WINDOWS\System32\WS2_32.dll
0x00007ffc90c50000 - 0x00007ffc90c5a000 	C:\WINDOWS\SYSTEM32\VERSION.dll
0x00007ffc93fa0000 - 0x00007ffc93fb2000 	C:\WINDOWS\SYSTEM32\kernel.appcore.dll
0x00007ffc79d30000 - 0x00007ffc79d3a000 	C:\Users\Admin\.jdks\openjdk-14.0.1\bin\jimage.dll
0x00007ffc8fb00000 - 0x00007ffc8fce4000 	C:\WINDOWS\SYSTEM32\DBGHELP.DLL
0x00007ffc7a570000 - 0x00007ffc7a59c000 	C:\WINDOWS\SYSTEM32\dbgcore.DLL
0x00007ffc96030000 - 0x00007ffc960af000 	C:\WINDOWS\System32\bcryptPrimitives.dll
0x00007ffc72340000 - 0x00007ffc7234e000 	C:\Users\Admin\.jdks\openjdk-14.0.1\bin\instrument.dll
0x00007ffc648f0000 - 0x00007ffc64915000 	C:\Users\Admin\.jdks\openjdk-14.0.1\bin\java.dll
0x00007ffc648d0000 - 0x00007ffc648e6000 	C:\Users\Admin\.jdks\openjdk-14.0.1\bin\zip.dll

dbghelp: loaded successfully - version: 4.0.5 - missing functions: none
symbol engine: initialized successfully - sym options: 0x614 - pdb path: .;C:\Users\Admin\.jdks\openjdk-14.0.1\bin;C:\WINDOWS\SYSTEM32;C:\WINDOWS\WinSxS\amd64_microsoft.windows.common-controls_6595b64144ccf1df_6.0.19041.488_none_ca04af081b815d21;C:\Users\Admin\.jdks\openjdk-14.0.1\bin\server

VM Arguments:
jvm_args: -ea -Didea.test.cyclic.buffer.size=1048576 -javaagent:C:\Program Files\JetBrains\IntelliJ IDEA 2020.1.1\lib\idea_rt.jar=62563:C:\Program Files\JetBrains\IntelliJ IDEA 2020.1.1\bin -Dfile.encoding=UTF-8 
java_command: com.intellij.rt.junit.JUnitStarter -ideVersion5 -junit5 controllersTest.EmployeeControlerTest
java_class_path (initial): C:\Program Files\JetBrains\IntelliJ IDEA 2020.1.1\lib\idea_rt.jar;C:\Users\Admin\.m2\repository\org\junit\platform\junit-platform-launcher\1.6.2\junit-platform-launcher-1.6.2.jar;C:\Users\Admin\.m2\repository\org\junit\vintage\junit-vintage-engine\5.6.2\junit-vintage-engine-5.6.2.jar;C:\Users\Admin\.m2\repository\org\hamcrest\hamcrest-core\1.3\hamcrest-core-1.3.jar;C:\Program Files\JetBrains\IntelliJ IDEA 2020.1.1\plugins\junit\lib\junit5-rt.jar;C:\Program Files\JetBrains\IntelliJ IDEA 2020.1.1\plugins\junit\lib\junit-rt.jar;C:\Users\Admin\IdeaProjects\sopra\api\target\test-classes;C:\Users\Admin\IdeaProjects\sopra\api\target\classes;C:\Users\Admin\.m2\repository\org\springframework\boot\spring-boot-starter-web\2.3.4.RELEASE\spring-boot-starter-web-2.3.4.RELEASE.jar;C:\Users\Admin\.m2\repository\org\springframework\boot\spring-boot-starter\2.3.4.RELEASE\spring-boot-starter-2.3.4.RELEASE.jar;C:\Users\Admin\.m2\repository\org\springframework\boot\spring-boot-starter-logging\2.3.4.RELEASE\spring-boot-starter-logging-2.3.4.RELEASE.jar;C:\Users\Admin\.m2\repository\ch\qos\logback\logback-classic\1.2.3\logback-classic-1.2.3.jar;C:\Users\Admin\.m2\repository\ch\qos\logback\logback-core\1.2.3\logback-core-1.2.3.jar;C:\Users\Admin\.m2\repository\org\apache\logging\log4j\log4j-to-slf4j\2.13.3\log4j-to-slf4j-2.13.3.jar;C:\Users\Admin\.m2\repository\org\apache\logging\log4j\log4j-api\2.13.3\log4j-api-2.13.3.jar;C:\Users\Admin\.m2\repository\org\slf4j\jul-to-slf4j\1.7.30\jul-to-slf4j-1.7.30.jar;C:\Users\Admin\.m2\repository\jakarta\annotation\jakarta.annotation-api\1.3.5\jakarta.annotation-api-1.3.5.jar;C:\Users\Admin\.m2\repository\org\yaml\snakeyaml\1.26\snakeyaml-1.26.jar;C:\Users\Admin\.m2\repository\org\springframework\boot\spring-boot-starter-json\2.3.4.RELEASE\spring-boot-starter-json-2.3.4.RELEASE.jar;C:\Users\Admin\.m2\repository\com\fasterxml\jackson\core\jackson-databind\2.11.2\jackson-databind-2.11.2.jar;C:\Users\Admin\.m2\repository\com\
Launcher Type: SUN_STANDARD

[Global flags]
     intx CICompilerCount                          = 4                                         {product} {ergonomic}
     uint ConcGCThreads                            = 2                                         {product} {ergonomic}
     uint G1ConcRefinementThreads                  = 8                                         {product} {ergonomic}
   size_t G1HeapRegionSize                         = 4194304                                   {product} {ergonomic}
    uintx GCDrainStackTargetSize                   = 64                                        {product} {ergonomic}
   size_t InitialHeapSize                          = 1073741824                                {product} {ergonomic}
   size_t MarkStackSize                            = 4194304                                   {product} {ergonomic}
   size_t MaxHeapSize                              = 17163091968                               {product} {ergonomic}
   size_t MinHeapDeltaBytes                        = 4194304                                   {product} {ergonomic}
   size_t MinHeapSize                              = 8388608                                   {product} {ergonomic}
    uintx NonNMethodCodeHeapSize                   = 5839372                                {pd product} {ergonomic}
    uintx NonProfiledCodeHeapSize                  = 122909434                              {pd product} {ergonomic}
    uintx ProfiledCodeHeapSize                     = 122909434                              {pd product} {ergonomic}
    uintx ReservedCodeCacheSize                    = 251658240                              {pd product} {ergonomic}
     bool SegmentedCodeCache                       = true                                      {product} {ergonomic}
   size_t SoftMaxHeapSize                          = 17163091968                            {manageable} {ergonomic}
     bool UseCompressedClassPointers               = true                                 {lp64_product} {ergonomic}
     bool UseCompressedOops                        = true                                 {lp64_product} {ergonomic}
     bool UseG1GC                                  = true                                      {product} {ergonomic}
     bool UseLargePagesIndividualAllocation        = false                                  {pd product} {ergonomic}

Logging:
Log output configuration:
 #0: stdout all=warning uptime,level,tags
 #1: stderr all=off uptime,level,tags

Environment Variables:
JAVA_HOME=C:\Users\Admin\.jdks\openjdk-14.0.1
PATH=;C:\Program Files (x86)\Razer Chroma SDK\bin;C:\Program Files\Razer Chroma SDK\bin;C:\Program Files (x86)\Razer\ChromaBroadcast\bin;C:\Program Files\Razer\ChromaBroadcast\bin;C:\Program Files (x86)\Common Files\Oracle\Java\javapath;C:\Windows\system32;C:\Windows;C:\Windows\System32\Wbem;C:\Windows\System32\WindowsPowerShell\v1.0\;C:\Windows\System32\OpenSSH\;C:\Program Files (x86)\NVIDIA Corporation\PhysX\Common;C:\Program Files\Git\cmd;C:\Program Files\MATLAB\R2020a\bin;C:\Users\Admin\AppData\Local\Microsoft\WindowsApps;C:\Users\Admin\AppData\Local\GitHubDesktop\bin;C:\Windows\system32\config\systemprofile\AppData\Local\Microsoft\WindowsApps;C:\Program Files\nodejs\;%SystemRoot%\system32;%SystemRoot%;%SystemRoot%\System32\Wbem;%SYSTEMROOT%\System32\WindowsPowerShell\v1.0\;%SYSTEMROOT%\System32\OpenSSH\;C:\Users\Admin\AppData\Local\Microsoft\WindowsApps;C:\Users\Admin\AppData\Local\GitHubDesktop\bin;C:\Users\Admin\AppData\Roaming\npm;%USERPROFILE%\AppData\Local\Microsoft\WindowsApps;
USERNAME=Admin
OS=Windows_NT
PROCESSOR_IDENTIFIER=Intel64 Family 6 Model 158 Stepping 13, GenuineIntel



---------------  S Y S T E M  ---------------

OS: Windows 10 , 64 bit Build 19041 (10.0.19041.546)
OS uptime: 0 days 1:06 hours

CPU:total 8 (initial active 8) (8 cores per cpu, 1 threads per core) family 6 model 158 stepping 13, cmov, cx8, fxsr, mmx, sse, sse2, sse3, ssse3, sse4.1, sse4.2, popcnt, avx, avx2, aes, clmul, erms, 3dnowpref, lzcnt, tsc, tscinvbit, bmi1, bmi2, adx, fma

Memory: 4k page, system-wide physical 65470M (6280M free)
TotalPageFile size 126381M (AvailPageFile size 188M)
current process WorkingSet (physical memory assigned to process): 10M, peak: 10M
current process commit charge ("private bytes"): 61M, peak: 1085M

vm_info: OpenJDK 64-Bit Server VM (14.0.1+7) for windows-amd64 JRE (14.0.1+7), built on Mar  5 2020 10:30:04 by "mach5one" with MS VC++ 15.9 (VS2017)

END.
